# JRE version: OpenJDK Runtime Environment Temurin-17.0.7+7 (17.0.7+7) (build 17.0.7+7)
# Java VM: OpenJDK 64-Bit Server VM Temurin-17.0.7+7 (17.0.7+7, mixed mode, sharing, tiered, compressed oops, compressed class ptrs, g1 gc, windows-amd64)
GC Precious Log:
 CPUs: 8 total, 8 available
 Memory: 7986M
 Large Page Support: Disabled
 NUMA Support: Disabled
 Compressed Oops: Enabled (Zero based)
 Heap Region Size: 2M
 Heap Min Capacity: 512M
 Heap Initial Capacity: 512M
 Heap Max Capacity: 4072M
 Pre-touch: Disabled
 Parallel Workers: 8
 Concurrent Workers: 2
 Concurrent Refinement Workers: 8
 Periodic GC: Disabled
 String Deduplication is enabled
Heap:
 garbage-first heap   total 524288K, used 106139K [0x0000000701800000, 0x0000000800000000)
  region size 2048K, 15 young (30720K), 0 survivors (0K)
 Metaspace       used 90888K, committed 92224K, reserved 1179648K
  class space    used 12282K, committed 12800K, reserved 1048576K
GC Heap History (20 events):
Event: 4393.580 GC heap before
{Heap before GC invocations=638 (full 431):
 garbage-first heap   total 524288K, used 81186K [0x0000000701800000, 0x0000000800000000)
  region size 2048K, 1 young (2048K), 0 survivors (0K)
 Metaspace       used 90950K, committed 92160K, reserved 1179648K
  class space    used 12314K, committed 12800K, reserved 1048576K
}
Event: 4393.680 GC heap after
{Heap after GC invocations=639 (full 432):
 garbage-first heap   total 524288K, used 81170K [0x0000000701800000, 0x0000000800000000)
  region size 2048K, 0 young (0K), 0 survivors (0K)
 Metaspace       used 90950K, committed 92160K, reserved 1179648K
  class space    used 12314K, committed 12800K, reserved 1048576K
}
Event: 4408.076 GC heap before
{Heap before GC invocations=639 (full 432):
 garbage-first heap   total 524288K, used 91410K [0x0000000701800000, 0x0000000800000000)
  region size 2048K, 6 young (12288K), 0 survivors (0K)
 Metaspace       used 90950K, committed 92160K, reserved 1179648K
  class space    used 12314K, committed 12800K, reserved 1048576K
}
Event: 4408.170 GC heap after
{Heap after GC invocations=640 (full 433):
 garbage-first heap   total 524288K, used 81185K [0x0000000701800000, 0x0000000800000000)
  region size 2048K, 0 young (0K), 0 survivors (0K)
 Metaspace       used 90950K, committed 92160K, reserved 1179648K
  class space    used 12314K, committed 12800K, reserved 1048576K
}
Event: 4479.896 GC heap before
{Heap before GC invocations=640 (full 433):
 garbage-first heap   total 524288K, used 150817K [0x0000000701800000, 0x0000000800000000)
  region size 2048K, 33 young (67584K), 0 survivors (0K)
 Metaspace       used 90950K, committed 92160K, reserved 1179648K
  class space    used 12314K, committed 12800K, reserved 1048576K
}
Event: 4479.994 GC heap after
{Heap after GC invocations=641 (full 434):
 garbage-first heap   total 524288K, used 81400K [0x0000000701800000, 0x0000000800000000)
  region size 2048K, 0 young (0K), 0 survivors (0K)
 Metaspace       used 90950K, committed 92160K, reserved 1179648K
  class space    used 12314K, committed 12800K, reserved 1048576K
}
Event: 4492.055 GC heap before
{Heap before GC invocations=641 (full 434):
 garbage-first heap   total 524288K, used 101880K [0x0000000701800000, 0x0000000800000000)
  region size 2048K, 9 young (18432K), 0 survivors (0K)
 Metaspace       used 90950K, committed 92160K, reserved 1179648K
  class space    used 12314K, committed 12800K, reserved 1048576K
}
Event: 4492.176 GC heap after
{Heap after GC invocations=642 (full 435):
 garbage-first heap   total 524288K, used 80631K [0x0000000701800000, 0x0000000800000000)
  region size 2048K, 0 young (0K), 0 survivors (0K)
 Metaspace       used 90814K, committed 92160K, reserved 1179648K
  class space    used 12283K, committed 12800K, reserved 1048576K
}
Event: 4525.680 GC heap before
{Heap before GC invocations=642 (full 435):
 garbage-first heap   total 524288K, used 158455K [0x0000000701800000, 0x0000000800000000)
  region size 2048K, 37 young (75776K), 0 survivors (0K)
 Metaspace       used 90832K, committed 92160K, reserved 1179648K
  class space    used 12283K, committed 12800K, reserved 1048576K
}
Event: 4525.683 GC heap after
{Heap after GC invocations=643 (full 435):
 garbage-first heap   total 524288K, used 86458K [0x0000000701800000, 0x0000000800000000)
  region size 2048K, 1 young (2048K), 1 survivors (2048K)
 Metaspace       used 90832K, committed 92160K, reserved 1179648K
  class space    used 12283K, committed 12800K, reserved 1048576K
}
Event: 4538.199 GC heap before
{Heap before GC invocations=643 (full 435):
 garbage-first heap   total 524288K, used 147898K [0x0000000701800000, 0x0000000800000000)
  region size 2048K, 32 young (65536K), 1 survivors (2048K)
 Metaspace       used 90839K, committed 92224K, reserved 1179648K
  class space    used 12283K, committed 12800K, reserved 1048576K
}
Event: 4538.301 GC heap after
{Heap after GC invocations=644 (full 436):
 garbage-first heap   total 524288K, used 77451K [0x0000000701800000, 0x0000000800000000)
  region size 2048K, 0 young (0K), 0 survivors (0K)
 Metaspace       used 90839K, committed 92224K, reserved 1179648K
  class space    used 12283K, committed 12800K, reserved 1048576K
}
Event: 4569.120 GC heap before
{Heap before GC invocations=644 (full 436):
 garbage-first heap   total 524288K, used 159371K [0x0000000701800000, 0x0000000800000000)
  region size 2048K, 40 young (81920K), 0 survivors (0K)
 Metaspace       used 90843K, committed 92224K, reserved 1179648K
  class space    used 12283K, committed 12800K, reserved 1048576K
}
Event: 4569.126 GC heap after
{Heap after GC invocations=645 (full 436):
 garbage-first heap   total 524288K, used 77840K [0x0000000701800000, 0x0000000800000000)
  region size 2048K, 1 young (2048K), 1 survivors (2048K)
 Metaspace       used 90843K, committed 92224K, reserved 1179648K
  class space    used 12283K, committed 12800K, reserved 1048576K
}
Event: 4595.826 GC heap before
{Heap before GC invocations=645 (full 436):
 garbage-first heap   total 524288K, used 157712K [0x0000000701800000, 0x0000000800000000)
  region size 2048K, 40 young (81920K), 1 survivors (2048K)
 Metaspace       used 90858K, committed 92224K, reserved 1179648K
  class space    used 12283K, committed 12800K, reserved 1048576K
}
Event: 4595.829 GC heap after
{Heap after GC invocations=646 (full 436):
 garbage-first heap   total 524288K, used 77822K [0x0000000701800000, 0x0000000800000000)
  region size 2048K, 1 young (2048K), 1 survivors (2048K)
 Metaspace       used 90858K, committed 92224K, reserved 1179648K
  class space    used 12283K, committed 12800K, reserved 1048576K
}
Event: 4598.801 GC heap before
{Heap before GC invocations=646 (full 436):
 garbage-first heap   total 524288K, used 90110K [0x0000000701800000, 0x0000000800000000)
  region size 2048K, 8 young (16384K), 1 survivors (2048K)
 Metaspace       used 90860K, committed 92224K, reserved 1179648K
  class space    used 12283K, committed 12800K, reserved 1048576K
}
Event: 4598.913 GC heap after
{Heap after GC invocations=647 (full 437):
 garbage-first heap   total 524288K, used 77438K [0x0000000701800000, 0x0000000800000000)
  region size 2048K, 0 young (0K), 0 survivors (0K)
 Metaspace       used 90856K, committed 92224K, reserved 1179648K
  class space    used 12282K, committed 12800K, reserved 1048576K
}
Event: 4614.628 GC heap before
{Heap before GC invocations=647 (full 437):
 garbage-first heap   total 524288K, used 149118K [0x0000000701800000, 0x0000000800000000)
  region size 2048K, 36 young (73728K), 0 survivors (0K)
 Metaspace       used 90886K, committed 92224K, reserved 1179648K
  class space    used 12282K, committed 12800K, reserved 1048576K
}
Event: 4614.739 GC heap after
{Heap after GC invocations=648 (full 438):
 garbage-first heap   total 524288K, used 77467K [0x0000000701800000, 0x0000000800000000)
  region size 2048K, 0 young (0K), 0 survivors (0K)
 Metaspace       used 90886K, committed 92224K, reserved 1179648K
  class space    used 12282K, committed 12800K, reserved 1048576K
}

