# JRE version: OpenJDK Runtime Environment Temurin-17.0.7+7 (17.0.7+7) (build 17.0.7+7)
# Java VM: OpenJDK 64-Bit Server VM Temurin-17.0.7+7 (17.0.7+7, mixed mode, sharing, tiered, compressed oops, compressed class ptrs, g1 gc, windows-amd64)
GC Precious Log:
 CPUs: 8 total, 8 available
 Memory: 8046M
 Large Page Support: Disabled
 NUMA Support: Disabled
 Compressed Oops: Enabled (Zero based)
 Heap Region Size: 2M
 Heap Min Capacity: 512M
 Heap Initial Capacity: 512M
 Heap Max Capacity: 4072M
 Pre-touch: Disabled
 Parallel Workers: 8
 Concurrent Workers: 2
 Concurrent Refinement Workers: 8
 Periodic GC: Disabled
 String Deduplication is enabled
Heap:
 garbage-first heap   total 524288K, used 90836K [0x0000000701800000, 0x0000000800000000)
  region size 2048K, 6 young (12288K), 1 survivors (2048K)
 Metaspace       used 87295K, committed 87936K, reserved 1179648K
  class space    used 11670K, committed 12032K, reserved 1048576K
GC Heap History (20 events):
Event: 38499.466 GC heap before
{Heap before GC invocations=480 (full 329):
 garbage-first heap   total 524288K, used 117596K [0x0000000701800000, 0x0000000800000000)
  region size 2048K, 11 young (22528K), 1 survivors (2048K)
 Metaspace       used 87264K, committed 87872K, reserved 1179648K
  class space    used 11670K, committed 12032K, reserved 1048576K
}
Event: 38499.564 GC heap after
{Heap after GC invocations=481 (full 330):
 garbage-first heap   total 524288K, used 76066K [0x0000000701800000, 0x0000000800000000)
  region size 2048K, 0 young (0K), 0 survivors (0K)
 Metaspace       used 87264K, committed 87872K, reserved 1179648K
  class space    used 11670K, committed 12032K, reserved 1048576K
}
Event: 38502.239 GC heap before
{Heap before GC invocations=481 (full 330):
 garbage-first heap   total 524288K, used 100642K [0x0000000701800000, 0x0000000800000000)
  region size 2048K, 9 young (18432K), 0 survivors (0K)
 Metaspace       used 87264K, committed 87872K, reserved 1179648K
  class space    used 11670K, committed 12032K, reserved 1048576K
}
Event: 38502.241 GC heap after
{Heap after GC invocations=482 (full 330):
 garbage-first heap   total 524288K, used 84827K [0x0000000701800000, 0x0000000800000000)
  region size 2048K, 1 young (2048K), 1 survivors (2048K)
 Metaspace       used 87264K, committed 87872K, reserved 1179648K
  class space    used 11670K, committed 12032K, reserved 1048576K
}
Event: 38504.805 GC heap before
{Heap before GC invocations=482 (full 330):
 garbage-first heap   total 524288K, used 113499K [0x0000000701800000, 0x0000000800000000)
  region size 2048K, 8 young (16384K), 1 survivors (2048K)
 Metaspace       used 87264K, committed 87872K, reserved 1179648K
  class space    used 11670K, committed 12032K, reserved 1048576K
}
Event: 38504.891 GC heap after
{Heap after GC invocations=483 (full 331):
 garbage-first heap   total 524288K, used 76265K [0x0000000701800000, 0x0000000800000000)
  region size 2048K, 0 young (0K), 0 survivors (0K)
 Metaspace       used 87264K, committed 87872K, reserved 1179648K
  class space    used 11670K, committed 12032K, reserved 1048576K
}
Event: 38507.321 GC heap before
{Heap before GC invocations=483 (full 331):
 garbage-first heap   total 524288K, used 98793K [0x0000000701800000, 0x0000000800000000)
  region size 2048K, 6 young (12288K), 0 survivors (0K)
 Metaspace       used 87268K, committed 87872K, reserved 1179648K
  class space    used 11670K, committed 12032K, reserved 1048576K
}
Event: 38507.409 GC heap after
{Heap after GC invocations=484 (full 332):
 garbage-first heap   total 524288K, used 75806K [0x0000000701800000, 0x0000000800000000)
  region size 2048K, 0 young (0K), 0 survivors (0K)
 Metaspace       used 87268K, committed 87872K, reserved 1179648K
  class space    used 11670K, committed 12032K, reserved 1048576K
}
Event: 38510.522 GC heap before
{Heap before GC invocations=484 (full 332):
 garbage-first heap   total 524288K, used 92190K [0x0000000701800000, 0x0000000800000000)
  region size 2048K, 7 young (14336K), 0 survivors (0K)
 Metaspace       used 87268K, committed 87872K, reserved 1179648K
  class space    used 11670K, committed 12032K, reserved 1048576K
}
Event: 38510.611 GC heap after
{Heap after GC invocations=485 (full 333):
 garbage-first heap   total 524288K, used 75855K [0x0000000701800000, 0x0000000800000000)
  region size 2048K, 0 young (0K), 0 survivors (0K)
 Metaspace       used 87268K, committed 87872K, reserved 1179648K
  class space    used 11670K, committed 12032K, reserved 1048576K
}
Event: 38514.521 GC heap before
{Heap before GC invocations=485 (full 333):
 garbage-first heap   total 524288K, used 102479K [0x0000000701800000, 0x0000000800000000)
  region size 2048K, 12 young (24576K), 0 survivors (0K)
 Metaspace       used 87290K, committed 87936K, reserved 1179648K
  class space    used 11670K, committed 12032K, reserved 1048576K
}
Event: 38514.613 GC heap after
{Heap after GC invocations=486 (full 334):
 garbage-first heap   total 524288K, used 76063K [0x0000000701800000, 0x0000000800000000)
  region size 2048K, 0 young (0K), 0 survivors (0K)
 Metaspace       used 87290K, committed 87936K, reserved 1179648K
  class space    used 11670K, committed 12032K, reserved 1048576K
}
Event: 38516.866 GC heap before
{Heap before GC invocations=486 (full 334):
 garbage-first heap   total 524288K, used 86303K [0x0000000701800000, 0x0000000800000000)
  region size 2048K, 4 young (8192K), 0 survivors (0K)
 Metaspace       used 87291K, committed 87936K, reserved 1179648K
  class space    used 11670K, committed 12032K, reserved 1048576K
}
Event: 38516.951 GC heap after
{Heap after GC invocations=487 (full 335):
 garbage-first heap   total 524288K, used 75948K [0x0000000701800000, 0x0000000800000000)
  region size 2048K, 0 young (0K), 0 survivors (0K)
 Metaspace       used 87291K, committed 87936K, reserved 1179648K
  class space    used 11670K, committed 12032K, reserved 1048576K
}
Event: 38517.973 GC heap before
{Heap before GC invocations=487 (full 335):
 garbage-first heap   total 524288K, used 77996K [0x0000000701800000, 0x0000000800000000)
  region size 2048K, 2 young (4096K), 0 survivors (0K)
 Metaspace       used 87291K, committed 87936K, reserved 1179648K
  class space    used 11670K, committed 12032K, reserved 1048576K
}
Event: 38518.074 GC heap after
{Heap after GC invocations=488 (full 336):
 garbage-first heap   total 524288K, used 75934K [0x0000000701800000, 0x0000000800000000)
  region size 2048K, 0 young (0K), 0 survivors (0K)
 Metaspace       used 87291K, committed 87936K, reserved 1179648K
  class space    used 11670K, committed 12032K, reserved 1048576K
}
Event: 38520.888 GC heap before
{Heap before GC invocations=488 (full 336):
 garbage-first heap   total 524288K, used 84126K [0x0000000701800000, 0x0000000800000000)
  region size 2048K, 5 young (10240K), 0 survivors (0K)
 Metaspace       used 87291K, committed 87936K, reserved 1179648K
  class space    used 11670K, committed 12032K, reserved 1048576K
}
Event: 38520.978 GC heap after
{Heap after GC invocations=489 (full 337):
 garbage-first heap   total 524288K, used 75962K [0x0000000701800000, 0x0000000800000000)
  region size 2048K, 0 young (0K), 0 survivors (0K)
 Metaspace       used 87291K, committed 87936K, reserved 1179648K
  class space    used 11670K, committed 12032K, reserved 1048576K
}
Event: 38522.852 GC heap before
{Heap before GC invocations=489 (full 337):
 garbage-first heap   total 524288K, used 123066K [0x0000000701800000, 0x0000000800000000)
  region size 2048K, 22 young (45056K), 0 survivors (0K)
 Metaspace       used 87293K, committed 87936K, reserved 1179648K
  class space    used 11670K, committed 12032K, reserved 1048576K
}
Event: 38522.855 GC heap after
{Heap after GC invocations=490 (full 337):
 garbage-first heap   total 524288K, used 80596K [0x0000000701800000, 0x0000000800000000)
  region size 2048K, 1 young (2048K), 1 survivors (2048K)
 Metaspace       used 87293K, committed 87936K, reserved 1179648K
  class space    used 11670K, committed 12032K, reserved 1048576K
}

